

Version:	3.50
CmdLine:	C:\Users\darko\Documents\NetBeansProjects\gesund\MED_PROJ_SERVER\server.exe --l4j-debug
JNI:		No
WOW64:		Yes
Working dir:	C:\Users\darko\Documents\NetBeansProjects\gesund\MED_PROJ_SERVER\.
Requires JDK:	No
Requires 64-Bit: No
Java min ver:	1.017.000
Java max ver:	
Substitute:	JAVA_HOME = C:\Program Files\Java\jdk-21
Substitute:	PATH = C:\Program Files\Common Files\Oracle\Java\javapath;C:\WINDOWS\system32;C:\WINDOWS;C:\WINDOWS\System32\Wbem;C:\WINDOWS\System32\WindowsPowerShell\v1.0\;C:\WINDOWS\System32\OpenSSH\;C:\Program Files\Git\cmd;C:\Program Files\Java\jdk-21\bin;C:\Program Files (x86)\nodejs\;C:\xampp\php;C:\composer;C:\Users\darko\AppData\Local\Microsoft\WindowsApps;C:\Program Files\Java\jdk-21\bin;C:\Program Files\apache-maven-3.9.12\bin;C:\Users\darko\AppData\Roaming\npm;C:\Users\darko\AppData\Local\Programs\Microsoft VS Code\bin;C:\Users\darko\AppData\Roaming\Composer\vendor\bin;C:\Program Files\Java\jdk-21\bin
JRE paths:	C:\Program Files\Java\jdk-21;C:\Program Files\Common Files\Oracle\Java\javapath;C:\WINDOWS\system32;C:\WINDOWS;C:\WINDOWS\System32\Wbem;C:\WINDOWS\System32\WindowsPowerShell\v1.0\;C:\WINDOWS\System32\OpenSSH\;C:\Program Files\Git\cmd;C:\Program Files\Java\jdk-21\bin;C:\Program Files (x86)\nodejs\;C:\xampp\php;C:\composer;C:\Users\darko\AppData\Local\Microsoft\WindowsApps;C:\Program Files\Java\jdk-21\bin;C:\Program Files\apache-maven-3.9.12\bin;C:\Users\darko\AppData\Roaming\npm;C:\Users\darko\AppData\Local\Programs\Microsoft VS Code\bin;C:\Users\darko\AppData\Roaming\Composer\vendor\bin;C:\Program Files\Java\jdk-21\bin
Check launcher:	C:\Program Files\Java\jdk-21\bin\javaw.exe (OK)
Version string: 1.021.000_009 / 64-Bit (OK)
Substitute:	LANG=en_US = 
Main class:	srv.ServerForma
Add classpath:	libs\MED_PROJ_ZAJ.jar
Add classpath:	libs\mysql-connector-j-9.5.0
Launcher:	C:\Program Files\Java\jdk-21\bin\javaw.exe
Launcher args:	-Denv.lang=en.us="" -classpath "dist\MED_PROJ_SERVER.jar;libs\MED_PROJ_ZAJ.jar;libs\mysql-connector-j-9.5.0" srv.ServerForma
Args length:	124/32768 chars
Exit code:	0
